<?xml version="1.0" encoding="UTF-8"?>
<testsuite name="CalculatorTest" tests="2" skipped="0" failures="0" errors="0" timestamp="2021-06-05T07:12:06" hostname="Damians-MacBook-Pro.local" time="0.031">
  <properties/>
  <testcase name="Add two numbers" classname="CalculatorTest" time="0.025"/>
  <testcase name="Multiply two numbers" classname="CalculatorTest" time="0.005"/>
  <system-out><![CDATA[]]></system-out>
  <system-err><![CDATA[]]></system-err>
</testsuite>
